2018-10-24 15:28:11,114 p=13193 u=student |  ERROR! Syntax Error while loading YAML.


The error appears to have been in '/home/student/troubleshooting/samba.yml': line 8, column 30, but may
be elsewhere in the file depending on the exact syntax problem.

The offending line appears to be:

    install_state: installed
    random_var: This is colon: test
                             ^ here

2018-10-24 15:30:43,109 p=13263 u=student |  ERROR! Syntax Error while loading YAML.


The error appears to have been in '/home/student/troubleshooting/samba.yml': line 43, column 4, but may
be elsewhere in the file depending on the exact syntax problem.

The offending line appears to be:


   - name: deliver samba config
   ^ here

2018-10-24 15:32:51,071 p=13287 u=student |  ERROR! Syntax Error while loading YAML.


The error appears to have been in '/home/student/troubleshooting/samba.yml': line 44, column 4, but may
be elsewhere in the file depending on the exact syntax problem.

The offending line appears to be:


   - name: deliver samba config
   ^ here

2018-10-24 15:34:04,119 p=13302 u=student |  PLAY [Install a samba server] *************************************************************************************************************************************************************************************
2018-10-24 15:34:04,144 p=13302 u=student |  TASK [Gathering Facts] ********************************************************************************************************************************************************************************************
2018-10-24 15:34:04,307 p=13302 u=student |  fatal: [servera.lab.exammple.com]: UNREACHABLE! => {"changed": false, "msg": "Failed to connect to the host via ssh: ssh: Could not resolve hostname servera.lab.exammple.com: Name or service not known\r\n", "unreachable": true}
2018-10-24 15:34:04,308 p=13302 u=student |  	to retry, use: --limit @/home/student/troubleshooting/samba.retry

2018-10-24 15:34:04,309 p=13302 u=student |  PLAY RECAP ********************************************************************************************************************************************************************************************************
2018-10-24 15:34:04,309 p=13302 u=student |  servera.lab.exammple.com   : ok=0    changed=0    unreachable=1    failed=0   
2018-10-24 15:36:12,244 p=13342 u=student |  PLAY [Install a samba server] *************************************************************************************************************************************************************************************
2018-10-24 15:36:12,270 p=13342 u=student |  TASK [Gathering Facts] ********************************************************************************************************************************************************************************************
2018-10-24 15:36:12,438 p=13342 u=student |  fatal: [servera.lab.exammple.com]: UNREACHABLE! => {"changed": false, "msg": "Failed to connect to the host via ssh: ssh: Could not resolve hostname servera.lab.exammple.com: Name or service not known\r\n", "unreachable": true}
2018-10-24 15:36:12,439 p=13342 u=student |  	to retry, use: --limit @/home/student/troubleshooting/samba.retry

2018-10-24 15:36:12,439 p=13342 u=student |  PLAY RECAP ********************************************************************************************************************************************************************************************************
2018-10-24 15:36:12,439 p=13342 u=student |  servera.lab.exammple.com   : ok=0    changed=0    unreachable=1    failed=0   
2018-10-24 15:36:41,636 p=13372 u=student |  PLAY [Install a samba server] *************************************************************************************************************************************************************************************
2018-10-24 15:36:41,660 p=13372 u=student |  TASK [Gathering Facts] ********************************************************************************************************************************************************************************************
2018-10-24 15:36:42,206 p=13372 u=student |  ok: [servera.lab.example.com]
2018-10-24 15:36:42,208 p=13372 u=student |  TASK [install samba] **********************************************************************************************************************************************************************************************
2018-10-24 15:36:44,628 p=13372 u=student |  changed: [servera.lab.example.com]
2018-10-24 15:36:44,629 p=13372 u=student |  TASK [install firewalld] ******************************************************************************************************************************************************************************************
2018-10-24 15:36:45,563 p=13372 u=student |  changed: [servera.lab.example.com]
2018-10-24 15:36:45,565 p=13372 u=student |  TASK [debug install_state variable] *******************************************************************************************************************************************************************************
2018-10-24 15:36:45,574 p=13372 u=student |  ok: [servera.lab.example.com] => {
    "msg": "The state for the samba service is installed"
}
2018-10-24 15:36:45,576 p=13372 u=student |  TASK [start samba] ************************************************************************************************************************************************************************************************
2018-10-24 15:36:45,950 p=13372 u=student |  changed: [servera.lab.example.com]
2018-10-24 15:36:45,952 p=13372 u=student |  TASK [start firewalld] ********************************************************************************************************************************************************************************************
2018-10-24 15:36:46,278 p=13372 u=student |  changed: [servera.lab.example.com]
2018-10-24 15:36:46,280 p=13372 u=student |  TASK [configure firewall for samba] *******************************************************************************************************************************************************************************
2018-10-24 15:36:46,710 p=13372 u=student |  changed: [servera.lab.example.com]
2018-10-24 15:36:46,712 p=13372 u=student |  TASK [deliver samba config] ***************************************************************************************************************************************************************************************
2018-10-24 15:36:46,720 p=13372 u=student |  fatal: [servera.lab.example.com]: FAILED! => {"changed": false, "failed": true, "msg": "Unable to find 'samba.j2' in expected paths."}
2018-10-24 15:36:46,720 p=13372 u=student |  	to retry, use: --limit @/home/student/troubleshooting/samba.retry

2018-10-24 15:36:46,720 p=13372 u=student |  PLAY RECAP ********************************************************************************************************************************************************************************************************
2018-10-24 15:36:46,721 p=13372 u=student |  servera.lab.example.com    : ok=7    changed=5    unreachable=0    failed=1   
2018-10-24 15:37:29,333 p=13439 u=student |  PLAY [Install a samba server] *************************************************************************************************************************************************************************************
2018-10-24 15:37:29,359 p=13439 u=student |  TASK [Gathering Facts] ********************************************************************************************************************************************************************************************
2018-10-24 15:37:29,725 p=13439 u=student |  ok: [servera.lab.example.com]
2018-10-24 15:37:29,727 p=13439 u=student |  TASK [install samba] **********************************************************************************************************************************************************************************************
2018-10-24 15:37:30,070 p=13439 u=student |  ok: [servera.lab.example.com]
2018-10-24 15:37:30,072 p=13439 u=student |  TASK [install firewalld] ******************************************************************************************************************************************************************************************
2018-10-24 15:37:30,327 p=13439 u=student |  ok: [servera.lab.example.com]
2018-10-24 15:37:30,330 p=13439 u=student |  TASK [debug install_state variable] *******************************************************************************************************************************************************************************
2018-10-24 15:37:30,339 p=13439 u=student |  ok: [servera.lab.example.com] => {
    "msg": "The state for the samba service is installed"
}
2018-10-24 15:37:30,341 p=13439 u=student |  TASK [start samba] ************************************************************************************************************************************************************************************************
2018-10-24 15:37:30,577 p=13439 u=student |  ok: [servera.lab.example.com]
2018-10-24 15:37:30,579 p=13439 u=student |  TASK [start firewalld] ********************************************************************************************************************************************************************************************
2018-10-24 15:37:30,739 p=13439 u=student |  ok: [servera.lab.example.com]
2018-10-24 15:37:30,741 p=13439 u=student |  TASK [configure firewall for samba] *******************************************************************************************************************************************************************************
2018-10-24 15:37:31,142 p=13439 u=student |  ok: [servera.lab.example.com]
2018-10-24 15:37:31,147 p=13439 u=student |  TASK [deliver samba config] ***************************************************************************************************************************************************************************************
2018-10-24 15:37:31,167 p=13439 u=student |  fatal: [servera.lab.example.com]: FAILED! => {"changed": false, "failed": true, "msg": "Unable to find 'smb.conf' in expected paths."}
2018-10-24 15:37:31,168 p=13439 u=student |  	to retry, use: --limit @/home/student/troubleshooting/samba.retry

2018-10-24 15:37:31,168 p=13439 u=student |  PLAY RECAP ********************************************************************************************************************************************************************************************************
2018-10-24 15:37:31,169 p=13439 u=student |  servera.lab.example.com    : ok=7    changed=0    unreachable=0    failed=1   
2018-10-24 15:38:00,141 p=13510 u=student |  PLAY [Install a samba server] *************************************************************************************************************************************************************************************
2018-10-24 15:38:00,166 p=13510 u=student |  TASK [Gathering Facts] ********************************************************************************************************************************************************************************************
2018-10-24 15:38:00,529 p=13510 u=student |  ok: [servera.lab.example.com]
2018-10-24 15:38:00,531 p=13510 u=student |  TASK [install samba] **********************************************************************************************************************************************************************************************
2018-10-24 15:38:00,871 p=13510 u=student |  ok: [servera.lab.example.com]
2018-10-24 15:38:00,873 p=13510 u=student |  TASK [install firewalld] ******************************************************************************************************************************************************************************************
2018-10-24 15:38:01,123 p=13510 u=student |  ok: [servera.lab.example.com]
2018-10-24 15:38:01,125 p=13510 u=student |  TASK [debug install_state variable] *******************************************************************************************************************************************************************************
2018-10-24 15:38:01,134 p=13510 u=student |  ok: [servera.lab.example.com] => {
    "msg": "The state for the samba service is installed"
}
2018-10-24 15:38:01,137 p=13510 u=student |  TASK [start samba] ************************************************************************************************************************************************************************************************
2018-10-24 15:38:01,369 p=13510 u=student |  ok: [servera.lab.example.com]
2018-10-24 15:38:01,371 p=13510 u=student |  TASK [start firewalld] ********************************************************************************************************************************************************************************************
2018-10-24 15:38:01,534 p=13510 u=student |  ok: [servera.lab.example.com]
2018-10-24 15:38:01,536 p=13510 u=student |  TASK [configure firewall for samba] *******************************************************************************************************************************************************************************
2018-10-24 15:38:01,905 p=13510 u=student |  ok: [servera.lab.example.com]
2018-10-24 15:38:01,908 p=13510 u=student |  TASK [deliver samba config] ***************************************************************************************************************************************************************************************
2018-10-24 15:38:02,501 p=13510 u=student |  changed: [servera.lab.example.com]
2018-10-24 15:38:02,502 p=13510 u=student |  PLAY RECAP ********************************************************************************************************************************************************************************************************
2018-10-24 15:38:02,502 p=13510 u=student |  servera.lab.example.com    : ok=8    changed=1    unreachable=0    failed=0   
2018-10-24 15:40:59,024 p=13636 u=student |  PLAY [Install a samba server] *************************************************************************************************************************************************************************************
2018-10-24 15:41:03,324 p=13636 u=student |  Perform task: TASK: Gathering Facts (N)o/(y)es/(c)ontinue: ********************************************************************************************************************************************************
2018-10-24 15:41:03,325 p=13636 u=student |  TASK [Gathering Facts] ********************************************************************************************************************************************************************************************
2018-10-24 15:41:03,876 p=13636 u=student |  ok: [servera.lab.example.com]
2018-10-24 15:41:06,619 p=13636 u=student |  Perform task: TASK: install samba (N)o/(y)es/(c)ontinue: **********************************************************************************************************************************************************
2018-10-24 15:41:06,621 p=13636 u=student |  TASK [install samba] **********************************************************************************************************************************************************************************************
2018-10-24 15:41:06,966 p=13636 u=student |  ok: [servera.lab.example.com]
2018-10-24 15:41:08,571 p=13636 u=student |  Perform task: TASK: install firewalld (N)o/(y)es/(c)ontinue: ******************************************************************************************************************************************************
2018-10-24 15:41:08,573 p=13636 u=student |  TASK [install firewalld] ******************************************************************************************************************************************************************************************
2018-10-24 15:41:08,827 p=13636 u=student |  ok: [servera.lab.example.com]
2018-10-24 15:41:10,155 p=13636 u=student |  Perform task: TASK: debug install_state variable (N)o/(y)es/(c)ontinue: *******************************************************************************************************************************************
2018-10-24 15:41:10,157 p=13636 u=student |  TASK [debug install_state variable] *******************************************************************************************************************************************************************************
2018-10-24 15:41:10,168 p=13636 u=student |  ok: [servera.lab.example.com] => {
    "msg": "The state for the samba service is installed"
}
2018-10-24 15:41:12,539 p=13636 u=student |  Perform task: TASK: start samba (N)o/(y)es/(c)ontinue: ************************************************************************************************************************************************************
2018-10-24 15:41:12,541 p=13636 u=student |  TASK [start samba] ************************************************************************************************************************************************************************************************
2018-10-24 15:41:12,771 p=13636 u=student |  ok: [servera.lab.example.com]
2018-10-24 15:41:14,251 p=13636 u=student |  Perform task: TASK: start firewalld (N)o/(y)es/(c)ontinue: ********************************************************************************************************************************************************
2018-10-24 15:41:14,254 p=13636 u=student |  TASK [start firewalld] ********************************************************************************************************************************************************************************************
2018-10-24 15:41:14,427 p=13636 u=student |  ok: [servera.lab.example.com]
2018-10-24 15:41:15,755 p=13636 u=student |  Perform task: TASK: configure firewall for samba (N)o/(y)es/(c)ontinue: *******************************************************************************************************************************************
2018-10-24 15:41:15,757 p=13636 u=student |  TASK [configure firewall for samba] *******************************************************************************************************************************************************************************
2018-10-24 15:41:16,128 p=13636 u=student |  ok: [servera.lab.example.com]
2018-10-24 15:41:17,355 p=13636 u=student |  Perform task: TASK: deliver samba config (N)o/(y)es/(c)ontinue: ***************************************************************************************************************************************************
2018-10-24 15:41:17,357 p=13636 u=student |  TASK [deliver samba config] ***************************************************************************************************************************************************************************************
2018-10-24 15:41:17,913 p=13636 u=student |  ok: [servera.lab.example.com]
2018-10-24 15:41:17,914 p=13636 u=student |  PLAY RECAP ********************************************************************************************************************************************************************************************************
2018-10-24 15:41:17,914 p=13636 u=student |  servera.lab.example.com    : ok=8    changed=0    unreachable=0    failed=0   
2018-10-24 15:42:30,549 p=13779 u=student |  PLAY [create mail relay servers] **********************************************************************************************************************************************************************************
2018-10-24 15:42:30,573 p=13779 u=student |  TASK [Gathering Facts] ********************************************************************************************************************************************************************************************
2018-10-24 15:42:31,108 p=13779 u=student |  ok: [servera.lab.example.com]
2018-10-24 15:42:31,110 p=13779 u=student |  TASK [install postfix package] ************************************************************************************************************************************************************************************
2018-10-24 15:42:31,515 p=13779 u=student |  changed: [servera.lab.example.com]
2018-10-24 15:42:31,517 p=13779 u=student |  TASK [install mail config files] **********************************************************************************************************************************************************************************
2018-10-24 15:42:31,923 p=13779 u=student |  changed: [servera.lab.example.com]
2018-10-24 15:42:31,927 p=13779 u=student |  TASK [check main.cf file] *****************************************************************************************************************************************************************************************
2018-10-24 15:42:32,097 p=13779 u=student |  ok: [servera.lab.example.com]
2018-10-24 15:42:32,099 p=13779 u=student |  TASK [verify main.cf file exists] *********************************************************************************************************************************************************************************
2018-10-24 15:42:32,109 p=13779 u=student |  ok: [servera.lab.example.com] => {
    "msg": "The main.cf file exists"
}
2018-10-24 15:42:32,111 p=13779 u=student |  TASK [start and enable mail services] *****************************************************************************************************************************************************************************
2018-10-24 15:42:32,344 p=13779 u=student |  changed: [servera.lab.example.com]
2018-10-24 15:42:32,346 p=13779 u=student |  TASK [check for always_bcc] ***************************************************************************************************************************************************************************************
2018-10-24 15:42:32,581 p=13779 u=student |  skipping: [servera.lab.example.com]
2018-10-24 15:42:32,582 p=13779 u=student |  TASK [email notification of always_bcc config] ********************************************************************************************************************************************************************
2018-10-24 15:42:32,599 p=13779 u=student |  fatal: [servera.lab.example.com]: FAILED! => {"failed": true, "msg": "The conditional check 'bcc_state.stdout != 'always_bcc ='' failed. The error was: error while evaluating conditional (bcc_state.stdout != 'always_bcc ='): 'dict object' has no attribute 'stdout'\n\nThe error appears to have been in '/home/student/troubleshooting/mailrelay.yml': line 42, column 7, but may\nbe elsewhere in the file depending on the exact syntax problem.\n\nThe offending line appears to be:\n\n\n    - name: email notification of always_bcc config\n      ^ here\n"}
2018-10-24 15:42:32,600 p=13779 u=student |  RUNNING HANDLER [restart postfix] *********************************************************************************************************************************************************************************
2018-10-24 15:42:32,600 p=13779 u=student |  	to retry, use: --limit @/home/student/troubleshooting/mailrelay.retry

2018-10-24 15:42:32,601 p=13779 u=student |  PLAY RECAP ********************************************************************************************************************************************************************************************************
2018-10-24 15:42:32,601 p=13779 u=student |  servera.lab.example.com    : ok=6    changed=3    unreachable=0    failed=1   
2018-10-24 15:43:54,862 p=13871 u=student |  servera.lab.example.com | FAILED | rc=1 >>
head: cannot open ‘/etc/postfix/main.cf’ for reading: No such file or directory

2018-10-24 15:44:14,476 p=13892 u=student |  PLAY [create mail relay servers] **********************************************************************************************************************************************************************************
2018-10-24 15:44:14,501 p=13892 u=student |  TASK [Gathering Facts] ********************************************************************************************************************************************************************************************
2018-10-24 15:44:14,856 p=13892 u=student |  ok: [servera.lab.example.com]
2018-10-24 15:44:14,857 p=13892 u=student |  TASK [install postfix package] ************************************************************************************************************************************************************************************
2018-10-24 15:44:16,786 p=13892 u=student |  changed: [servera.lab.example.com]
2018-10-24 15:44:16,788 p=13892 u=student |  TASK [install mail config files] **********************************************************************************************************************************************************************************
2018-10-24 15:44:17,395 p=13892 u=student |  changed: [servera.lab.example.com]
2018-10-24 15:44:17,397 p=13892 u=student |  TASK [check main.cf file] *****************************************************************************************************************************************************************************************
2018-10-24 15:44:17,562 p=13892 u=student |  ok: [servera.lab.example.com]
2018-10-24 15:44:17,564 p=13892 u=student |  TASK [verify main.cf file exists] *********************************************************************************************************************************************************************************
2018-10-24 15:44:17,574 p=13892 u=student |  ok: [servera.lab.example.com] => {
    "msg": "The main.cf file exists"
}
2018-10-24 15:44:17,576 p=13892 u=student |  TASK [start and enable mail services] *****************************************************************************************************************************************************************************
2018-10-24 15:44:19,783 p=13892 u=student |  changed: [servera.lab.example.com]
2018-10-24 15:44:19,785 p=13892 u=student |  TASK [check for always_bcc] ***************************************************************************************************************************************************************************************
2018-10-24 15:44:20,009 p=13892 u=student |  changed: [servera.lab.example.com]
2018-10-24 15:44:20,011 p=13892 u=student |  TASK [email notification of always_bcc config] ********************************************************************************************************************************************************************
2018-10-24 15:44:20,019 p=13892 u=student |  skipping: [servera.lab.example.com]
2018-10-24 15:44:20,019 p=13892 u=student |  RUNNING HANDLER [restart postfix] *********************************************************************************************************************************************************************************
2018-10-24 15:44:20,362 p=13892 u=student |  changed: [servera.lab.example.com]
2018-10-24 15:44:20,363 p=13892 u=student |  PLAY RECAP ********************************************************************************************************************************************************************************************************
2018-10-24 15:44:20,363 p=13892 u=student |  servera.lab.example.com    : ok=8    changed=5    unreachable=0    failed=0   
2018-10-24 15:44:27,603 p=13976 u=student |  servera.lab.example.com | SUCCESS | rc=0 >>
# Ansible managed
#
# Global Postfix configuration file. This file lists only a subset
# of all parameters. For the syntax, and for a complete parameter
# list, see the postconf(5) manual page (command: "man 5 postconf").
#
# For common configuration examples, see BASIC_CONFIGURATION_README
# and STANDARD_CONFIGURATION_README. To find these documents, use
# the command "postconf html_directory readme_directory", or go to
# http://www.postfix.org/.

2018-10-24 15:46:48,623 p=14035 u=student |  PLAY [create mail relay servers] **********************************************************************************************************************************************************************************
2018-10-24 15:46:48,647 p=14035 u=student |  TASK [Gathering Facts] ********************************************************************************************************************************************************************************************
2018-10-24 15:46:49,186 p=14035 u=student |  ok: [servera.lab.example.com]
2018-10-24 15:46:49,188 p=14035 u=student |  TASK [install postfix package] ************************************************************************************************************************************************************************************
2018-10-24 15:46:49,557 p=14035 u=student |  ok: [servera.lab.example.com]
2018-10-24 15:46:49,560 p=14035 u=student |  TASK [install mail config files] **********************************************************************************************************************************************************************************
2018-10-24 15:46:50,285 p=14035 u=student |  ok: [servera.lab.example.com]
2018-10-24 15:46:50,290 p=14035 u=student |  TASK [check main.cf file] *****************************************************************************************************************************************************************************************
2018-10-24 15:46:50,484 p=14035 u=student |  ok: [servera.lab.example.com]
2018-10-24 15:46:50,490 p=14035 u=student |  TASK [verify main.cf file exists] *********************************************************************************************************************************************************************************
2018-10-24 15:46:50,513 p=14035 u=student |  ok: [servera.lab.example.com] => {
    "msg": "The main.cf file exists"
}
2018-10-24 15:46:50,516 p=14035 u=student |  TASK [start and enable mail services] *****************************************************************************************************************************************************************************
2018-10-24 15:46:50,883 p=14035 u=student |  ok: [servera.lab.example.com]
2018-10-24 15:46:50,885 p=14035 u=student |  TASK [check for always_bcc] ***************************************************************************************************************************************************************************************
2018-10-24 15:46:51,139 p=14035 u=student |  changed: [servera.lab.example.com]
2018-10-24 15:46:51,141 p=14035 u=student |  TASK [email notification of always_bcc config] ********************************************************************************************************************************************************************
2018-10-24 15:46:51,149 p=14035 u=student |  skipping: [servera.lab.example.com]
2018-10-24 15:46:51,150 p=14035 u=student |  PLAY RECAP ********************************************************************************************************************************************************************************************************
2018-10-24 15:46:51,150 p=14035 u=student |  servera.lab.example.com    : ok=7    changed=1    unreachable=0    failed=0   
2018-10-24 15:47:20,924 p=14111 u=student |  servera.lab.example.com | SUCCESS | rc=0 >>
dhcpv6-client http ssh samba

2018-10-24 15:48:39,491 p=14146 u=student |  PLAY [create mail relay servers] **********************************************************************************************************************************************************************************
2018-10-24 15:48:39,516 p=14146 u=student |  TASK [Gathering Facts] ********************************************************************************************************************************************************************************************
2018-10-24 15:48:40,044 p=14146 u=student |  ok: [servera.lab.example.com]
2018-10-24 15:48:40,046 p=14146 u=student |  TASK [install postfix package] ************************************************************************************************************************************************************************************
2018-10-24 15:48:40,393 p=14146 u=student |  ok: [servera.lab.example.com]
2018-10-24 15:48:40,397 p=14146 u=student |  TASK [install mail config files] **********************************************************************************************************************************************************************************
2018-10-24 15:48:40,956 p=14146 u=student |  ok: [servera.lab.example.com]
2018-10-24 15:48:40,958 p=14146 u=student |  TASK [check main.cf file] *****************************************************************************************************************************************************************************************
2018-10-24 15:48:41,122 p=14146 u=student |  ok: [servera.lab.example.com]
2018-10-24 15:48:41,124 p=14146 u=student |  TASK [verify main.cf file exists] *********************************************************************************************************************************************************************************
2018-10-24 15:48:41,135 p=14146 u=student |  ok: [servera.lab.example.com] => {
    "msg": "The main.cf file exists"
}
2018-10-24 15:48:41,137 p=14146 u=student |  TASK [start and enable mail services] *****************************************************************************************************************************************************************************
2018-10-24 15:48:41,372 p=14146 u=student |  ok: [servera.lab.example.com]
2018-10-24 15:48:41,374 p=14146 u=student |  TASK [check for always_bcc] ***************************************************************************************************************************************************************************************
2018-10-24 15:48:41,597 p=14146 u=student |  changed: [servera.lab.example.com]
2018-10-24 15:48:41,599 p=14146 u=student |  TASK [email notification of always_bcc config] ********************************************************************************************************************************************************************
2018-10-24 15:48:41,607 p=14146 u=student |  skipping: [servera.lab.example.com]
2018-10-24 15:48:41,608 p=14146 u=student |  PLAY RECAP ********************************************************************************************************************************************************************************************************
2018-10-24 15:48:41,608 p=14146 u=student |  servera.lab.example.com    : ok=7    changed=1    unreachable=0    failed=0   
2018-10-24 15:48:49,165 p=14222 u=student |  servera.lab.example.com | SUCCESS | rc=0 >>
dhcpv6-client http ssh samba

2018-10-24 15:53:22,157 p=14288 u=student |  ERROR! Syntax Error while loading YAML.


The error appears to have been in '/home/student/troubleshooting/mailrelay.yml': line 57, column 4, but may
be elsewhere in the file depending on the exact syntax problem.

The offending line appears to be:


   handlers:
   ^ here

2018-10-24 15:53:38,432 p=14303 u=student |  ERROR! Syntax Error while loading YAML.


The error appears to have been in '/home/student/troubleshooting/mailrelay.yml': line 57, column 5, but may
be elsewhere in the file depending on the exact syntax problem.

The offending line appears to be:


    handlers:
    ^ here

